[watcher] Старт. Наблюдаю за /Users/ufoanima/Dev/personal/musceler/scrn
[watcher] send_last_screenshot.py отработал:
Последний скриншот: /Users/ufoanima/Dev/personal/musceler/scrn/Снимок экрана 2025-12-08 в 19.32.31.png
URL: http://hhrrr.ru/musceler/scrn-00008.png
Ссылка скопирована в буфер обмена.
[watcher] send_last_screenshot.py отработал:
Последний скриншот: /Users/ufoanima/Dev/personal/musceler/scrn/Снимок экрана 2025-12-08 в 19.32.33.png
URL: http://hhrrr.ru/musceler/scrn-00009.png
Ссылка скопирована в буфер обмена.
[watcher] send_last_screenshot.py отработал:
Последний скриншот: /Users/ufoanima/Dev/personal/musceler/scrn/Снимок экрана 2025-12-08 в 19.32.45.png
URL: http://hhrrr.ru/musceler/scrn-00010.png
Ссылка скопирована в буфер обмена.
[watcher] send_last_screenshot.py отработал:
Последний скриншот: /Users/ufoanima/Dev/personal/musceler/scrn/Снимок экрана 2025-12-08 в 19.32.50.png
URL: http://hhrrr.ru/musceler/scrn-00011.png
Ссылка скопирована в буфер обмена.
[watcher] send_last_screenshot.py отработал:
Последний скриншот: /Users/ufoanima/Dev/personal/musceler/scrn/Снимок экрана 2025-12-08 в 20.39.42 1.png
URL: http://hhrrr.ru/musceler/scrn-00012.png
Ссылка скопирована в буфер обмена.
[watcher] send_last_screenshot.py отработал:
Последний скриншот: /Users/ufoanima/Dev/personal/musceler/scrn/Снимок экрана 2025-12-08 в 20.39.42 1.png
URL: http://hhrrr.ru/musceler/scrn-00013.png
Ссылка скопирована в буфер обмена.
[watcher] send_last_screenshot.py отработал:
Последний скриншот: /Users/ufoanima/Dev/personal/musceler/scrn/Снимок экрана 2025-12-08 в 20.43.33.png
URL: http://hhrrr.ru/musceler/scrn-00014.png
Ссылка скопирована в буфер обмена.
[watcher] send_last_screenshot.py отработал:
Последний скриншот: /Users/ufoanima/Dev/personal/musceler/scrn/Снимок экрана 2025-12-08 в 20.43.38.png
URL: http://hhrrr.ru/musceler/scrn-00015.png
Ссылка скопирована в буфер обмена.
[watcher] send_last_screenshot.py отработал:
Последний скриншот: /Users/ufoanima/Dev/personal/musceler/scrn/Снимок экрана 2025-12-08 в 20.44.58.png
URL: http://hhrrr.ru/musceler/scrn-00016.png
Ссылка скопирована в буфер обмена.
[watcher] send_last_screenshot.py отработал:
Последний скриншот: /Users/ufoanima/Dev/personal/musceler/scrn/Снимок экрана 2025-12-08 в 20.45.33.png
URL: http://hhrrr.ru/musceler/scrn-00017.png
Ссылка скопирована в буфер обмена.
[watcher] send_last_screenshot.py отработал:
Последний скриншот: /Users/ufoanima/Dev/personal/musceler/scrn/Снимок экрана 2025-12-08 в 20.47.54.png
URL: http://hhrrr.ru/musceler/scrn-00018.png
Ссылка скопирована в буфер обмена.
[watcher] send_last_screenshot.py отработал:
Последний скриншот: /Users/ufoanima/Dev/personal/musceler/scrn/Снимок экрана 2025-12-08 в 21.21.31.png
URL: http://hhrrr.ru/musceler/scrn-00019.png
Ссылка скопирована в буфер обмена.
[watcher] Ошибка при запуске send_last_screenshot.py:
Последний скриншот: /Users/ufoanima/Dev/personal/musceler/scrn/Снимок экрана 2025-12-08 в 22.26.18.png
musceler.py завершился с ошибкой:
Permission denied, please try again.
Permission denied, please try again.
root@92.255.76.109: Permission denied (publickey,password).
scp: Connection closed


[watcher] Ошибка при запуске send_last_screenshot.py:
Последний скриншот: /Users/ufoanima/Dev/personal/musceler/scrn/Снимок экрана 2025-12-08 в 22.27.10.png
musceler.py завершился с ошибкой:
Permission denied, please try again.
Permission denied, please try again.
root@92.255.76.109: Permission denied (publickey,password).
scp: Connection closed


[watcher] Ошибка при запуске send_last_screenshot.py:
Последний скриншот: /Users/ufoanima/Dev/personal/musceler/scrn/Снимок экрана 2025-12-08 в 22.27.16.png
musceler.py завершился с ошибкой:
Permission denied, please try again.
Permission denied, please try again.
root@92.255.76.109: Permission denied (publickey,password).
scp: Connection closed


[watcher] Ошибка при запуске send_last_screenshot.py:
Последний скриншот: /Users/ufoanima/Dev/personal/musceler/scrn/Снимок экрана 2025-12-08 в 22.27.28.png
musceler.py завершился с ошибкой:
Permission denied, please try again.
Permission denied, please try again.
root@92.255.76.109: Permission denied (publickey,password).
scp: Connection closed


[watcher] Ошибка при запуске send_last_screenshot.py:
Последний скриншот: /Users/ufoanima/Dev/personal/musceler/scrn/Снимок экрана 2025-12-08 в 22.27.42.png
musceler.py завершился с ошибкой:
Permission denied, please try again.
Permission denied, please try again.
root@92.255.76.109: Permission denied (publickey,password).
scp: Connection closed


[watcher] Ошибка при запуске send_last_screenshot.py:
Последний скриншот: /Users/ufoanima/Dev/personal/musceler/scrn/Снимок экрана 2025-12-08 в 22.27.50.png
musceler.py завершился с ошибкой:
Permission denied, please try again.
Permission denied, please try again.
root@92.255.76.109: Permission denied (publickey,password).
scp: Connection closed


[watcher] Ошибка при запуске send_last_screenshot.py:
Последний скриншот: /Users/ufoanima/Dev/personal/musceler/scrn/Снимок экрана 2025-12-08 в 22.28.49.png
musceler.py завершился с ошибкой:
Permission denied, please try again.
Permission denied, please try again.
root@92.255.76.109: Permission denied (publickey,password).
scp: Connection closed


[watcher] Ошибка при запуске send_last_screenshot.py:
Последний скриншот: /Users/ufoanima/Dev/personal/musceler/scrn/Снимок экрана 2025-12-08 в 22.43.54.png
musceler.py завершился с ошибкой:
Permission denied, please try again.
Permission denied, please try again.
root@92.255.76.109: Permission denied (publickey,password).
scp: Connection closed


[watcher] Ошибка при запуске send_last_screenshot.py:
Последний скриншот: /Users/ufoanima/Dev/personal/musceler/scrn/Снимок экрана 2025-12-08 в 22.44.05.png
musceler.py завершился с ошибкой:
Permission denied, please try again.
Permission denied, please try again.
root@92.255.76.109: Permission denied (publickey,password).
scp: Connection closed


[watcher] Ошибка при запуске send_last_screenshot.py:
Последний скриншот: /Users/ufoanima/Dev/personal/musceler/scrn/Снимок экрана 2025-12-08 в 22.45.05.png
musceler.py завершился с ошибкой:
Permission denied, please try again.
Permission denied, please try again.
root@92.255.76.109: Permission denied (publickey,password).
scp: Connection closed


[watcher] Ошибка при запуске send_last_screenshot.py:
